
========================[ Aug 4, 2015  3:11 AM ]========================
Version 2.2.26 [Sep-21-2011]
Started database file "./out/db/NC_012441.ffc"
Formatted 2063 sequences in volume 0
SUCCESS: formatted database ./out/db/NC_012441.ffc

========================[ Aug 4, 2015  3:11 AM ]========================
Version 2.2.26 [Sep-21-2011]
Started database file "./out/db/NC_002663.ffc"
Formatted 2012 sequences in volume 0
SUCCESS: formatted database ./out/db/NC_002663.ffc

========================[ Aug 4, 2015  3:11 AM ]========================
Version 2.2.26 [Sep-21-2011]
Started database file "./out/db/NC_005061.ffc"
Formatted 583 sequences in volume 0
SUCCESS: formatted database ./out/db/NC_005061.ffc

========================[ Aug 4, 2015  3:11 AM ]========================
Version 2.2.26 [Sep-21-2011]
Started database file "./out/db/NC_003295.ffc"
Formatted 3436 sequences in volume 0
SUCCESS: formatted database ./out/db/NC_003295.ffc

========================[ Aug 4, 2015  3:11 AM ]========================
Version 2.2.26 [Sep-21-2011]
Started database file "./out/db/NC_003197.ffc"

========================[ Aug 4, 2015  3:11 AM ]========================
Version 2.2.26 [Sep-21-2011]
Started database file "./out/db/NC_005085.ffc"
Formatted 4451 sequences in volume 0
SUCCESS: formatted database ./out/db/NC_003197.ffc
Formatted 4405 sequences in volume 0
SUCCESS: formatted database ./out/db/NC_005085.ffc

========================[ Aug 4, 2015  3:11 AM ]========================
Version 2.2.26 [Sep-21-2011]
Started database file "./out/db/NC_004917.ffc"
Formatted 1876 sequences in volume 0
SUCCESS: formatted database ./out/db/NC_004917.ffc

========================[ Aug 4, 2015  3:11 AM ]========================
Version 2.2.26 [Sep-21-2011]
Started database file "./out/db/NC_004578.ffc"
Formatted 5481 sequences in volume 0
SUCCESS: formatted database ./out/db/NC_004578.ffc

========================[ Aug 4, 2015  3:11 AM ]========================
Version 2.2.26 [Sep-21-2011]
Started database file "./out/db/NC_004459.ffc"
Formatted 2896 sequences in volume 0
SUCCESS: formatted database ./out/db/NC_004459.ffc

========================[ Aug 4, 2015  3:11 AM ]========================
Version 2.2.26 [Sep-21-2011]
Started database file "./out/db/NC_002927.ffc"
Formatted 4994 sequences in volume 0
SUCCESS: formatted database ./out/db/NC_002927.ffc

========================[ Aug 4, 2015  3:11 AM ]========================
Version 2.2.26 [Sep-21-2011]
Started database file "./out/db/NC_004310.ffc"
Formatted 2122 sequences in volume 0
SUCCESS: formatted database ./out/db/NC_004310.ffc

========================[ Aug 4, 2015  3:11 AM ]========================
Version 2.2.26 [Sep-21-2011]
Started database file "./out/db/NC_004463.ffc"

========================[ Aug 4, 2015  3:11 AM ]========================
Version 2.2.26 [Sep-21-2011]
Started database file "./out/db/NC_003112.ffc"

========================[ Aug 4, 2015  3:11 AM ]========================
Version 2.2.26 [Sep-21-2011]
Started database file "./out/db/NC_002678.ffc"
Formatted 1953 sequences in volume 0
SUCCESS: formatted database ./out/db/NC_003112.ffc
Formatted 8317 sequences in volume 0
SUCCESS: formatted database ./out/db/NC_004463.ffc
Formatted 6743 sequences in volume 0
SUCCESS: formatted database ./out/db/NC_002678.ffc

========================[ Aug 4, 2015  3:11 AM ]========================
Version 2.2.26 [Sep-21-2011]
Started database file "./out/db/NC_003198.ffc"
Formatted 4111 sequences in volume 0
SUCCESS: formatted database ./out/db/NC_003198.ffc

========================[ Aug 4, 2015  3:11 AM ]========================
Version 2.2.26 [Sep-21-2011]
Started database file "./out/db/NC_003919.ffc"
Formatted 4312 sequences in volume 0
SUCCESS: formatted database ./out/db/NC_003919.ffc

========================[ Aug 4, 2015  3:11 AM ]========================
Version 2.2.26 [Sep-21-2011]
Started database file "./out/db/NC_004347.ffc"
Formatted 4065 sequences in volume 0
SUCCESS: formatted database ./out/db/NC_004347.ffc

========================[ Aug 4, 2015  3:11 AM ]========================
Version 2.2.26 [Sep-21-2011]
Started database file "./out/db/NC_000907.ffc"
Formatted 1610 sequences in volume 0
SUCCESS: formatted database ./out/db/NC_000907.ffc

========================[ Aug 4, 2015  3:11 AM ]========================
Version 2.2.26 [Sep-21-2011]
Started database file "./out/db/NC_007086.ffc"
Formatted 4271 sequences in volume 0
SUCCESS: formatted database ./out/db/NC_007086.ffc

========================[ Aug 4, 2015  3:11 AM ]========================
Version 2.2.26 [Sep-21-2011]
Started database file "./out/db/NC_002163.ffc"
Formatted 1572 sequences in volume 0
SUCCESS: formatted database ./out/db/NC_002163.ffc

========================[ Aug 4, 2015  3:11 AM ]========================
Version 2.2.26 [Sep-21-2011]
Started database file "./out/db/NC_002696.ffc"
Formatted 3737 sequences in volume 0
SUCCESS: formatted database ./out/db/NC_002696.ffc

========================[ Aug 4, 2015  3:11 AM ]========================
Version 2.2.26 [Sep-21-2011]
Started database file "./out/db/NC_002929.ffc"

========================[ Aug 4, 2015  3:11 AM ]========================
Version 2.2.26 [Sep-21-2011]
Started database file "./out/db/NC_005090.ffc"
Formatted 3426 sequences in volume 0
SUCCESS: formatted database ./out/db/NC_002929.ffc
Formatted 2043 sequences in volume 0
SUCCESS: formatted database ./out/db/NC_005090.ffc

========================[ Aug 4, 2015  3:11 AM ]========================
Version 2.2.26 [Sep-21-2011]
Started database file "./out/db/NC_002516.ffc"
Formatted 5572 sequences in volume 0
SUCCESS: formatted database ./out/db/NC_002516.ffc

========================[ Aug 4, 2015  3:11 AM ]========================
Version 2.2.26 [Sep-21-2011]
Started database file "./out/db/NC_011833.ffc"
Formatted 555 sequences in volume 0
SUCCESS: formatted database ./out/db/NC_011833.ffc

========================[ Aug 4, 2015  3:11 AM ]========================
Version 2.2.26 [Sep-21-2011]
Started database file "./out/db/NC_003143.ffc"
Formatted 3798 sequences in volume 0
SUCCESS: formatted database ./out/db/NC_003143.ffc

========================[ Aug 4, 2015  3:11 AM ]========================
Version 2.2.26 [Sep-21-2011]
Started database file "./out/db/NC_003062.ffc"
Formatted 2765 sequences in volume 0
SUCCESS: formatted database ./out/db/NC_003062.ffc

========================[ Aug 4, 2015  3:11 AM ]========================
Version 2.2.26 [Sep-21-2011]
Started database file "./out/db/NC_004757.ffc"
Formatted 2461 sequences in volume 0
SUCCESS: formatted database ./out/db/NC_004757.ffc

========================[ Aug 4, 2015  3:11 AM ]========================
Version 2.2.26 [Sep-21-2011]
Started database file "./out/db/NC_000913.ffc"
Formatted 4319 sequences in volume 0
SUCCESS: formatted database ./out/db/NC_000913.ffc

========================[ Aug 4, 2015  3:11 AM ]========================
Version 2.2.26 [Sep-21-2011]
Started database file "./out/db/NC_004603.ffc"
Formatted 3079 sequences in volume 0
SUCCESS: formatted database ./out/db/NC_004603.ffc

========================[ Aug 4, 2015  3:11 AM ]========================
Version 2.2.26 [Sep-21-2011]
Started database file "./out/db/NC_004741.ffc"
Formatted 4057 sequences in volume 0
SUCCESS: formatted database ./out/db/NC_004741.ffc

========================[ Aug 4, 2015  3:11 AM ]========================
Version 2.2.26 [Sep-21-2011]
Started database file "./out/db/NC_003047.ffc"
Formatted 3359 sequences in volume 0
SUCCESS: formatted database ./out/db/NC_003047.ffc

========================[ Aug 4, 2015  3:11 AM ]========================
Version 2.2.26 [Sep-21-2011]
Started database file "./out/db/NC_002928.ffc"
Formatted 4185 sequences in volume 0
SUCCESS: formatted database ./out/db/NC_002928.ffc

========================[ Aug 4, 2015  3:11 AM ]========================
Version 2.2.26 [Sep-21-2011]
Started database file "./out/db/NC_002488.ffc"
Formatted 2766 sequences in volume 0
SUCCESS: formatted database ./out/db/NC_002488.ffc

========================[ Aug 4, 2015  3:11 AM ]========================
Version 2.2.26 [Sep-21-2011]
Started database file "./out/db/NC_002947.ffc"
Formatted 5350 sequences in volume 0
SUCCESS: formatted database ./out/db/NC_002947.ffc

========================[ Aug 4, 2015  3:12 AM ]========================
Version 2.2.26 [Sep-21-2011]
Started database file "./out/db/NC_012441.ffc"
Formatted 2063 sequences in volume 0
SUCCESS: formatted database ./out/db/NC_012441.ffc

========================[ Aug 4, 2015  3:12 AM ]========================
Version 2.2.26 [Sep-21-2011]
Started database file "./out/db/NC_002663.ffc"
Formatted 2012 sequences in volume 0
SUCCESS: formatted database ./out/db/NC_002663.ffc

========================[ Aug 4, 2015  3:12 AM ]========================
Version 2.2.26 [Sep-21-2011]
Started database file "./out/db/NC_005061.ffc"
Formatted 583 sequences in volume 0
SUCCESS: formatted database ./out/db/NC_005061.ffc

========================[ Aug 4, 2015  3:12 AM ]========================
Version 2.2.26 [Sep-21-2011]
Started database file "./out/db/NC_003295.ffc"
Formatted 3436 sequences in volume 0
SUCCESS: formatted database ./out/db/NC_003295.ffc

========================[ Aug 4, 2015  3:12 AM ]========================
Version 2.2.26 [Sep-21-2011]
Started database file "./out/db/NC_005085.ffc"
Formatted 4405 sequences in volume 0
SUCCESS: formatted database ./out/db/NC_005085.ffc

========================[ Aug 4, 2015  3:12 AM ]========================
Version 2.2.26 [Sep-21-2011]
Started database file "./out/db/NC_003197.ffc"
Formatted 4451 sequences in volume 0
SUCCESS: formatted database ./out/db/NC_003197.ffc

========================[ Aug 4, 2015  3:12 AM ]========================
Version 2.2.26 [Sep-21-2011]
Started database file "./out/db/NC_004917.ffc"
Formatted 1876 sequences in volume 0
SUCCESS: formatted database ./out/db/NC_004917.ffc

========================[ Aug 4, 2015  3:12 AM ]========================
Version 2.2.26 [Sep-21-2011]
Started database file "./out/db/NC_004578.ffc"

========================[ Aug 4, 2015  3:12 AM ]========================
Version 2.2.26 [Sep-21-2011]
Started database file "./out/db/NC_004459.ffc"
Formatted 5481 sequences in volume 0
SUCCESS: formatted database ./out/db/NC_004578.ffc
Formatted 2896 sequences in volume 0
SUCCESS: formatted database ./out/db/NC_004459.ffc

========================[ Aug 4, 2015  3:12 AM ]========================
Version 2.2.26 [Sep-21-2011]
Started database file "./out/db/NC_002927.ffc"

========================[ Aug 4, 2015  3:12 AM ]========================
Version 2.2.26 [Sep-21-2011]
Started database file "./out/db/NC_004310.ffc"
Formatted 4994 sequences in volume 0
SUCCESS: formatted database ./out/db/NC_002927.ffc
Formatted 2122 sequences in volume 0
SUCCESS: formatted database ./out/db/NC_004310.ffc

========================[ Aug 4, 2015  3:12 AM ]========================
Version 2.2.26 [Sep-21-2011]
Started database file "./out/db/NC_003112.ffc"
Formatted 1953 sequences in volume 0
SUCCESS: formatted database ./out/db/NC_003112.ffc

========================[ Aug 4, 2015  3:12 AM ]========================
Version 2.2.26 [Sep-21-2011]
Started database file "./out/db/NC_004463.ffc"

========================[ Aug 4, 2015  3:12 AM ]========================
Version 2.2.26 [Sep-21-2011]
Started database file "./out/db/NC_002678.ffc"
Formatted 6743 sequences in volume 0
SUCCESS: formatted database ./out/db/NC_002678.ffc
Formatted 8317 sequences in volume 0
SUCCESS: formatted database ./out/db/NC_004463.ffc

========================[ Aug 4, 2015  3:12 AM ]========================
Version 2.2.26 [Sep-21-2011]
Started database file "./out/db/NC_003919.ffc"

========================[ Aug 4, 2015  3:12 AM ]========================
Version 2.2.26 [Sep-21-2011]
Started database file "./out/db/NC_003198.ffc"
Formatted 4312 sequences in volume 0
SUCCESS: formatted database ./out/db/NC_003919.ffc
Formatted 4111 sequences in volume 0
SUCCESS: formatted database ./out/db/NC_003198.ffc

========================[ Aug 4, 2015  3:12 AM ]========================
Version 2.2.26 [Sep-21-2011]
Started database file "./out/db/NC_004347.ffc"

========================[ Aug 4, 2015  3:12 AM ]========================
Version 2.2.26 [Sep-21-2011]
Started database file "./out/db/NC_000907.ffc"
Formatted 4065 sequences in volume 0
SUCCESS: formatted database ./out/db/NC_004347.ffc
Formatted 1610 sequences in volume 0
SUCCESS: formatted database ./out/db/NC_000907.ffc

========================[ Aug 4, 2015  3:12 AM ]========================
Version 2.2.26 [Sep-21-2011]
Started database file "./out/db/NC_007086.ffc"
Formatted 4271 sequences in volume 0
SUCCESS: formatted database ./out/db/NC_007086.ffc

========================[ Aug 4, 2015  3:12 AM ]========================
Version 2.2.26 [Sep-21-2011]
Started database file "./out/db/NC_002163.ffc"
Formatted 1572 sequences in volume 0
SUCCESS: formatted database ./out/db/NC_002163.ffc

========================[ Aug 4, 2015  3:12 AM ]========================
Version 2.2.26 [Sep-21-2011]
Started database file "./out/db/NC_002929.ffc"
Formatted 3426 sequences in volume 0
SUCCESS: formatted database ./out/db/NC_002929.ffc

========================[ Aug 4, 2015  3:12 AM ]========================
Version 2.2.26 [Sep-21-2011]
Started database file "./out/db/NC_002696.ffc"

========================[ Aug 4, 2015  3:12 AM ]========================
Version 2.2.26 [Sep-21-2011]
Started database file "./out/db/NC_005090.ffc"
Formatted 3737 sequences in volume 0
SUCCESS: formatted database ./out/db/NC_002696.ffc
Formatted 2043 sequences in volume 0
SUCCESS: formatted database ./out/db/NC_005090.ffc

========================[ Aug 4, 2015  3:12 AM ]========================
Version 2.2.26 [Sep-21-2011]
Started database file "./out/db/NC_002516.ffc"
Formatted 5572 sequences in volume 0
SUCCESS: formatted database ./out/db/NC_002516.ffc

========================[ Aug 4, 2015  3:12 AM ]========================
Version 2.2.26 [Sep-21-2011]
Started database file "./out/db/NC_011833.ffc"
Formatted 555 sequences in volume 0
SUCCESS: formatted database ./out/db/NC_011833.ffc

========================[ Aug 4, 2015  3:12 AM ]========================
Version 2.2.26 [Sep-21-2011]
Started database file "./out/db/NC_003062.ffc"
Formatted 2765 sequences in volume 0
SUCCESS: formatted database ./out/db/NC_003062.ffc

========================[ Aug 4, 2015  3:12 AM ]========================
Version 2.2.26 [Sep-21-2011]
Started database file "./out/db/NC_003143.ffc"
Formatted 3798 sequences in volume 0
SUCCESS: formatted database ./out/db/NC_003143.ffc

========================[ Aug 4, 2015  3:12 AM ]========================
Version 2.2.26 [Sep-21-2011]
Started database file "./out/db/NC_000913.ffc"

========================[ Aug 4, 2015  3:12 AM ]========================
Version 2.2.26 [Sep-21-2011]
Started database file "./out/db/NC_004757.ffc"
Formatted 4319 sequences in volume 0
SUCCESS: formatted database ./out/db/NC_000913.ffc
Formatted 2461 sequences in volume 0
SUCCESS: formatted database ./out/db/NC_004757.ffc

========================[ Aug 4, 2015  3:12 AM ]========================
Version 2.2.26 [Sep-21-2011]
Started database file "./out/db/NC_004603.ffc"
Formatted 3079 sequences in volume 0
SUCCESS: formatted database ./out/db/NC_004603.ffc

========================[ Aug 4, 2015  3:12 AM ]========================
Version 2.2.26 [Sep-21-2011]
Started database file "./out/db/NC_004741.ffc"
Formatted 4057 sequences in volume 0
SUCCESS: formatted database ./out/db/NC_004741.ffc

========================[ Aug 4, 2015  3:12 AM ]========================
Version 2.2.26 [Sep-21-2011]
Started database file "./out/db/NC_002928.ffc"
Formatted 4185 sequences in volume 0
SUCCESS: formatted database ./out/db/NC_002928.ffc

========================[ Aug 4, 2015  3:12 AM ]========================
Version 2.2.26 [Sep-21-2011]
Started database file "./out/db/NC_003047.ffc"

========================[ Aug 4, 2015  3:12 AM ]========================
Version 2.2.26 [Sep-21-2011]
Started database file "./out/db/NC_002488.ffc"
Formatted 3359 sequences in volume 0
SUCCESS: formatted database ./out/db/NC_003047.ffc
Formatted 2766 sequences in volume 0
SUCCESS: formatted database ./out/db/NC_002488.ffc

========================[ Aug 4, 2015  3:12 AM ]========================
Version 2.2.26 [Sep-21-2011]
Started database file "./out/db/NC_002947.ffc"
Formatted 5350 sequences in volume 0
SUCCESS: formatted database ./out/db/NC_002947.ffc

========================[ Aug 4, 2015  4:23 AM ]========================
Version 2.2.26 [Sep-21-2011]
Started database file "./out/db/NC_012441.ffc"
Formatted 2063 sequences in volume 0
SUCCESS: formatted database ./out/db/NC_012441.ffc

========================[ Aug 4, 2015  4:23 AM ]========================
Version 2.2.26 [Sep-21-2011]
Started database file "./out/db/NC_002663.ffc"
Formatted 2012 sequences in volume 0
SUCCESS: formatted database ./out/db/NC_002663.ffc

========================[ Aug 4, 2015  4:23 AM ]========================
Version 2.2.26 [Sep-21-2011]
Started database file "./out/db/NC_005061.ffc"
Formatted 583 sequences in volume 0
SUCCESS: formatted database ./out/db/NC_005061.ffc

========================[ Aug 4, 2015  4:23 AM ]========================
Version 2.2.26 [Sep-21-2011]
Started database file "./out/db/NC_003295.ffc"
Formatted 3436 sequences in volume 0
SUCCESS: formatted database ./out/db/NC_003295.ffc

========================[ Aug 4, 2015  4:23 AM ]========================
Version 2.2.26 [Sep-21-2011]
Started database file "./out/db/NC_005085.ffc"
Formatted 4405 sequences in volume 0
SUCCESS: formatted database ./out/db/NC_005085.ffc

========================[ Aug 4, 2015  4:23 AM ]========================
Version 2.2.26 [Sep-21-2011]
Started database file "./out/db/NC_003197.ffc"
Formatted 4451 sequences in volume 0
SUCCESS: formatted database ./out/db/NC_003197.ffc

========================[ Aug 4, 2015  4:23 AM ]========================
Version 2.2.26 [Sep-21-2011]
Started database file "./out/db/NC_004917.ffc"
Formatted 1876 sequences in volume 0
SUCCESS: formatted database ./out/db/NC_004917.ffc

========================[ Aug 4, 2015  4:23 AM ]========================
Version 2.2.26 [Sep-21-2011]
Started database file "./out/db/NC_004459.ffc"
Formatted 2896 sequences in volume 0
SUCCESS: formatted database ./out/db/NC_004459.ffc

========================[ Aug 4, 2015  4:23 AM ]========================
Version 2.2.26 [Sep-21-2011]
Started database file "./out/db/NC_004578.ffc"

========================[ Aug 4, 2015  4:23 AM ]========================
Version 2.2.26 [Sep-21-2011]
Started database file "./out/db/NC_002927.ffc"
Formatted 5481 sequences in volume 0
SUCCESS: formatted database ./out/db/NC_004578.ffc
Formatted 4994 sequences in volume 0
SUCCESS: formatted database ./out/db/NC_002927.ffc

========================[ Aug 4, 2015  4:23 AM ]========================
Version 2.2.26 [Sep-21-2011]
Started database file "./out/db/NC_004310.ffc"
Formatted 2122 sequences in volume 0
SUCCESS: formatted database ./out/db/NC_004310.ffc

========================[ Aug 4, 2015  4:23 AM ]========================
Version 2.2.26 [Sep-21-2011]
Started database file "./out/db/NC_003112.ffc"
Formatted 1953 sequences in volume 0
SUCCESS: formatted database ./out/db/NC_003112.ffc

========================[ Aug 4, 2015  4:23 AM ]========================
Version 2.2.26 [Sep-21-2011]
Started database file "./out/db/NC_004463.ffc"

========================[ Aug 4, 2015  4:23 AM ]========================
Version 2.2.26 [Sep-21-2011]
Started database file "./out/db/NC_002678.ffc"
Formatted 8317 sequences in volume 0
SUCCESS: formatted database ./out/db/NC_004463.ffc
Formatted 6743 sequences in volume 0
SUCCESS: formatted database ./out/db/NC_002678.ffc

========================[ Aug 4, 2015  4:23 AM ]========================
Version 2.2.26 [Sep-21-2011]
Started database file "./out/db/NC_003919.ffc"
Formatted 4312 sequences in volume 0
SUCCESS: formatted database ./out/db/NC_003919.ffc

========================[ Aug 4, 2015  4:23 AM ]========================
Version 2.2.26 [Sep-21-2011]
Started database file "./out/db/NC_003198.ffc"
Formatted 4111 sequences in volume 0
SUCCESS: formatted database ./out/db/NC_003198.ffc

========================[ Aug 4, 2015  4:23 AM ]========================
Version 2.2.26 [Sep-21-2011]
Started database file "./out/db/NC_004347.ffc"

========================[ Aug 4, 2015  4:23 AM ]========================
Version 2.2.26 [Sep-21-2011]
Started database file "./out/db/NC_000907.ffc"
Formatted 1610 sequences in volume 0
SUCCESS: formatted database ./out/db/NC_000907.ffc
Formatted 4065 sequences in volume 0
SUCCESS: formatted database ./out/db/NC_004347.ffc

========================[ Aug 4, 2015  4:23 AM ]========================
Version 2.2.26 [Sep-21-2011]
Started database file "./out/db/NC_007086.ffc"
Formatted 4271 sequences in volume 0
SUCCESS: formatted database ./out/db/NC_007086.ffc

========================[ Aug 4, 2015  4:23 AM ]========================
Version 2.2.26 [Sep-21-2011]
Started database file "./out/db/NC_002163.ffc"
Formatted 1572 sequences in volume 0
SUCCESS: formatted database ./out/db/NC_002163.ffc

========================[ Aug 4, 2015  4:23 AM ]========================
Version 2.2.26 [Sep-21-2011]
Started database file "./out/db/NC_002696.ffc"

========================[ Aug 4, 2015  4:23 AM ]========================
Version 2.2.26 [Sep-21-2011]
Started database file "./out/db/NC_002929.ffc"
Formatted 3426 sequences in volume 0
SUCCESS: formatted database ./out/db/NC_002929.ffc
Formatted 3737 sequences in volume 0
SUCCESS: formatted database ./out/db/NC_002696.ffc

========================[ Aug 4, 2015  4:23 AM ]========================
Version 2.2.26 [Sep-21-2011]
Started database file "./out/db/NC_002516.ffc"
Formatted 5572 sequences in volume 0
SUCCESS: formatted database ./out/db/NC_002516.ffc

========================[ Aug 4, 2015  4:23 AM ]========================
Version 2.2.26 [Sep-21-2011]
Started database file "./out/db/NC_005090.ffc"

========================[ Aug 4, 2015  4:23 AM ]========================
Version 2.2.26 [Sep-21-2011]
Started database file "./out/db/NC_011833.ffc"
Formatted 555 sequences in volume 0
SUCCESS: formatted database ./out/db/NC_011833.ffc
Formatted 2043 sequences in volume 0
SUCCESS: formatted database ./out/db/NC_005090.ffc

========================[ Aug 4, 2015  4:23 AM ]========================
Version 2.2.26 [Sep-21-2011]
Started database file "./out/db/NC_003143.ffc"
Formatted 3798 sequences in volume 0
SUCCESS: formatted database ./out/db/NC_003143.ffc

========================[ Aug 4, 2015  4:23 AM ]========================
Version 2.2.26 [Sep-21-2011]
Started database file "./out/db/NC_003062.ffc"
Formatted 2765 sequences in volume 0
SUCCESS: formatted database ./out/db/NC_003062.ffc

========================[ Aug 4, 2015  4:23 AM ]========================
Version 2.2.26 [Sep-21-2011]
Started database file "./out/db/NC_004757.ffc"
Formatted 2461 sequences in volume 0
SUCCESS: formatted database ./out/db/NC_004757.ffc

========================[ Aug 4, 2015  4:23 AM ]========================
Version 2.2.26 [Sep-21-2011]
Started database file "./out/db/NC_000913.ffc"

========================[ Aug 4, 2015  4:23 AM ]========================
Version 2.2.26 [Sep-21-2011]
Started database file "./out/db/NC_004603.ffc"
Formatted 3079 sequences in volume 0
SUCCESS: formatted database ./out/db/NC_004603.ffc
Formatted 4319 sequences in volume 0
SUCCESS: formatted database ./out/db/NC_000913.ffc

========================[ Aug 4, 2015  4:23 AM ]========================
Version 2.2.26 [Sep-21-2011]
Started database file "./out/db/NC_004741.ffc"
Formatted 4057 sequences in volume 0
SUCCESS: formatted database ./out/db/NC_004741.ffc

========================[ Aug 4, 2015  4:23 AM ]========================
Version 2.2.26 [Sep-21-2011]
Started database file "./out/db/NC_002928.ffc"

========================[ Aug 4, 2015  4:23 AM ]========================
Version 2.2.26 [Sep-21-2011]
Started database file "./out/db/NC_002488.ffc"
Formatted 4185 sequences in volume 0
SUCCESS: formatted database ./out/db/NC_002928.ffc
Formatted 2766 sequences in volume 0
SUCCESS: formatted database ./out/db/NC_002488.ffc

========================[ Aug 4, 2015  4:23 AM ]========================
Version 2.2.26 [Sep-21-2011]
Started database file "./out/db/NC_003047.ffc"
Formatted 3359 sequences in volume 0
SUCCESS: formatted database ./out/db/NC_003047.ffc

========================[ Aug 4, 2015  4:23 AM ]========================
Version 2.2.26 [Sep-21-2011]
Started database file "./out/db/NC_002947.ffc"
Formatted 5350 sequences in volume 0
SUCCESS: formatted database ./out/db/NC_002947.ffc

========================[ Aug 4, 2015  4:26 AM ]========================
Version 2.2.26 [Sep-21-2011]
Started database file "./out/db/NC_012441.ffc"
Formatted 2063 sequences in volume 0
SUCCESS: formatted database ./out/db/NC_012441.ffc

========================[ Aug 4, 2015  4:26 AM ]========================
Version 2.2.26 [Sep-21-2011]
Started database file "./out/db/NC_002663.ffc"
Formatted 2012 sequences in volume 0
SUCCESS: formatted database ./out/db/NC_002663.ffc

========================[ Aug 4, 2015  4:26 AM ]========================
Version 2.2.26 [Sep-21-2011]
Started database file "./out/db/NC_005061.ffc"
Formatted 583 sequences in volume 0
SUCCESS: formatted database ./out/db/NC_005061.ffc

========================[ Aug 4, 2015  4:26 AM ]========================
Version 2.2.26 [Sep-21-2011]
Started database file "./out/db/NC_003295.ffc"
Formatted 3436 sequences in volume 0
SUCCESS: formatted database ./out/db/NC_003295.ffc

========================[ Aug 4, 2015  4:26 AM ]========================
Version 2.2.26 [Sep-21-2011]
Started database file "./out/db/NC_005085.ffc"
Formatted 4405 sequences in volume 0
SUCCESS: formatted database ./out/db/NC_005085.ffc

========================[ Aug 4, 2015  4:26 AM ]========================
Version 2.2.26 [Sep-21-2011]
Started database file "./out/db/NC_003197.ffc"
Formatted 4451 sequences in volume 0
SUCCESS: formatted database ./out/db/NC_003197.ffc

========================[ Aug 4, 2015  4:26 AM ]========================
Version 2.2.26 [Sep-21-2011]
Started database file "./out/db/NC_004917.ffc"
Formatted 1876 sequences in volume 0
SUCCESS: formatted database ./out/db/NC_004917.ffc

========================[ Aug 4, 2015  4:26 AM ]========================
Version 2.2.26 [Sep-21-2011]
Started database file "./out/db/NC_004459.ffc"
Formatted 2896 sequences in volume 0
SUCCESS: formatted database ./out/db/NC_004459.ffc

========================[ Aug 4, 2015  4:26 AM ]========================
Version 2.2.26 [Sep-21-2011]
Started database file "./out/db/NC_004578.ffc"

========================[ Aug 4, 2015  4:26 AM ]========================
Version 2.2.26 [Sep-21-2011]
Started database file "./out/db/NC_002927.ffc"
Formatted 5481 sequences in volume 0
SUCCESS: formatted database ./out/db/NC_004578.ffc
Formatted 4994 sequences in volume 0
SUCCESS: formatted database ./out/db/NC_002927.ffc

========================[ Aug 4, 2015  4:26 AM ]========================
Version 2.2.26 [Sep-21-2011]
Started database file "./out/db/NC_004310.ffc"
Formatted 2122 sequences in volume 0
SUCCESS: formatted database ./out/db/NC_004310.ffc

========================[ Aug 4, 2015  4:26 AM ]========================
Version 2.2.26 [Sep-21-2011]
Started database file "./out/db/NC_003112.ffc"
Formatted 1953 sequences in volume 0
SUCCESS: formatted database ./out/db/NC_003112.ffc

========================[ Aug 4, 2015  4:26 AM ]========================
Version 2.2.26 [Sep-21-2011]
Started database file "./out/db/NC_002678.ffc"

========================[ Aug 4, 2015  4:26 AM ]========================
Version 2.2.26 [Sep-21-2011]
Started database file "./out/db/NC_004463.ffc"
Formatted 6743 sequences in volume 0
SUCCESS: formatted database ./out/db/NC_002678.ffc
Formatted 8317 sequences in volume 0
SUCCESS: formatted database ./out/db/NC_004463.ffc

========================[ Aug 4, 2015  4:26 AM ]========================
Version 2.2.26 [Sep-21-2011]
Started database file "./out/db/NC_003919.ffc"
Formatted 4312 sequences in volume 0
SUCCESS: formatted database ./out/db/NC_003919.ffc

========================[ Aug 4, 2015  4:26 AM ]========================
Version 2.2.26 [Sep-21-2011]
Started database file "./out/db/NC_003198.ffc"
Formatted 4111 sequences in volume 0
SUCCESS: formatted database ./out/db/NC_003198.ffc

========================[ Aug 4, 2015  4:26 AM ]========================
Version 2.2.26 [Sep-21-2011]
Started database file "./out/db/NC_000907.ffc"

========================[ Aug 4, 2015  4:26 AM ]========================
Version 2.2.26 [Sep-21-2011]
Started database file "./out/db/NC_004347.ffc"
Formatted 1610 sequences in volume 0
SUCCESS: formatted database ./out/db/NC_000907.ffc
Formatted 4065 sequences in volume 0
SUCCESS: formatted database ./out/db/NC_004347.ffc

========================[ Aug 4, 2015  4:26 AM ]========================
Version 2.2.26 [Sep-21-2011]
Started database file "./out/db/NC_007086.ffc"
Formatted 4271 sequences in volume 0
SUCCESS: formatted database ./out/db/NC_007086.ffc

========================[ Aug 4, 2015  4:26 AM ]========================
Version 2.2.26 [Sep-21-2011]
Started database file "./out/db/NC_002163.ffc"
Formatted 1572 sequences in volume 0
SUCCESS: formatted database ./out/db/NC_002163.ffc

========================[ Aug 4, 2015  4:26 AM ]========================
Version 2.2.26 [Sep-21-2011]
Started database file "./out/db/NC_002929.ffc"
Formatted 3426 sequences in volume 0
SUCCESS: formatted database ./out/db/NC_002929.ffc

========================[ Aug 4, 2015  4:26 AM ]========================
Version 2.2.26 [Sep-21-2011]
Started database file "./out/db/NC_005090.ffc"

========================[ Aug 4, 2015  4:26 AM ]========================
Version 2.2.26 [Sep-21-2011]
Started database file "./out/db/NC_002516.ffc"
Formatted 2043 sequences in volume 0
SUCCESS: formatted database ./out/db/NC_005090.ffc

========================[ Aug 4, 2015  4:26 AM ]========================
Version 2.2.26 [Sep-21-2011]
Started database file "./out/db/NC_002696.ffc"
Formatted 3737 sequences in volume 0
SUCCESS: formatted database ./out/db/NC_002696.ffc
Formatted 5572 sequences in volume 0
SUCCESS: formatted database ./out/db/NC_002516.ffc

========================[ Aug 4, 2015  4:26 AM ]========================
Version 2.2.26 [Sep-21-2011]
Started database file "./out/db/NC_011833.ffc"
Formatted 555 sequences in volume 0
SUCCESS: formatted database ./out/db/NC_011833.ffc

========================[ Aug 4, 2015  4:26 AM ]========================
Version 2.2.26 [Sep-21-2011]
Started database file "./out/db/NC_003062.ffc"
Formatted 2765 sequences in volume 0
SUCCESS: formatted database ./out/db/NC_003062.ffc

========================[ Aug 4, 2015  4:26 AM ]========================
Version 2.2.26 [Sep-21-2011]
Started database file "./out/db/NC_003143.ffc"
Formatted 3798 sequences in volume 0
SUCCESS: formatted database ./out/db/NC_003143.ffc

========================[ Aug 4, 2015  4:26 AM ]========================
Version 2.2.26 [Sep-21-2011]
Started database file "./out/db/NC_004757.ffc"

========================[ Aug 4, 2015  4:26 AM ]========================
Version 2.2.26 [Sep-21-2011]
Started database file "./out/db/NC_000913.ffc"
Formatted 2461 sequences in volume 0
SUCCESS: formatted database ./out/db/NC_004757.ffc

========================[ Aug 4, 2015  4:26 AM ]========================
Version 2.2.26 [Sep-21-2011]
Started database file "./out/db/NC_004603.ffc"
Formatted 3079 sequences in volume 0
SUCCESS: formatted database ./out/db/NC_004603.ffc
Formatted 4319 sequences in volume 0
SUCCESS: formatted database ./out/db/NC_000913.ffc

========================[ Aug 4, 2015  4:26 AM ]========================
Version 2.2.26 [Sep-21-2011]
Started database file "./out/db/NC_004741.ffc"
Formatted 4057 sequences in volume 0
SUCCESS: formatted database ./out/db/NC_004741.ffc

========================[ Aug 4, 2015  4:26 AM ]========================
Version 2.2.26 [Sep-21-2011]
Started database file "./out/db/NC_003047.ffc"
Formatted 3359 sequences in volume 0
SUCCESS: formatted database ./out/db/NC_003047.ffc

========================[ Aug 4, 2015  4:26 AM ]========================
Version 2.2.26 [Sep-21-2011]
Started database file "./out/db/NC_002928.ffc"
Formatted 4185 sequences in volume 0
SUCCESS: formatted database ./out/db/NC_002928.ffc

========================[ Aug 4, 2015  4:26 AM ]========================
Version 2.2.26 [Sep-21-2011]
Started database file "./out/db/NC_002488.ffc"
Formatted 2766 sequences in volume 0
SUCCESS: formatted database ./out/db/NC_002488.ffc

========================[ Aug 4, 2015  4:26 AM ]========================
Version 2.2.26 [Sep-21-2011]
Started database file "./out/db/NC_002947.ffc"
Formatted 5350 sequences in volume 0
SUCCESS: formatted database ./out/db/NC_002947.ffc

========================[ Aug 4, 2015  4:41 AM ]========================
Version 2.2.26 [Sep-21-2011]
Started database file "./out/db/NC_002663.ffc"

========================[ Aug 4, 2015  4:41 AM ]========================
Version 2.2.26 [Sep-21-2011]
Started database file "./out/db/NC_012441.ffc"
Formatted 2012 sequences in volume 0
SUCCESS: formatted database ./out/db/NC_002663.ffc
Formatted 2063 sequences in volume 0
SUCCESS: formatted database ./out/db/NC_012441.ffc

========================[ Aug 4, 2015  4:41 AM ]========================
Version 2.2.26 [Sep-21-2011]
Started database file "./out/db/NC_005061.ffc"
Formatted 583 sequences in volume 0
SUCCESS: formatted database ./out/db/NC_005061.ffc

========================[ Aug 4, 2015  4:41 AM ]========================
Version 2.2.26 [Sep-21-2011]
Started database file "./out/db/NC_003295.ffc"
Formatted 3436 sequences in volume 0
SUCCESS: formatted database ./out/db/NC_003295.ffc

========================[ Aug 4, 2015  4:41 AM ]========================
Version 2.2.26 [Sep-21-2011]
Started database file "./out/db/NC_005085.ffc"
Formatted 4405 sequences in volume 0
SUCCESS: formatted database ./out/db/NC_005085.ffc

========================[ Aug 4, 2015  4:41 AM ]========================
Version 2.2.26 [Sep-21-2011]
Started database file "./out/db/NC_004917.ffc"
Formatted 1876 sequences in volume 0
SUCCESS: formatted database ./out/db/NC_004917.ffc

========================[ Aug 4, 2015  4:41 AM ]========================
Version 2.2.26 [Sep-21-2011]
Started database file "./out/db/NC_004578.ffc"

========================[ Aug 4, 2015  4:41 AM ]========================
Version 2.2.26 [Sep-21-2011]
Started database file "./out/db/NC_003197.ffc"

========================[ Aug 4, 2015  4:41 AM ]========================
Version 2.2.26 [Sep-21-2011]
Started database file "./out/db/NC_004459.ffc"
Formatted 4451 sequences in volume 0
SUCCESS: formatted database ./out/db/NC_003197.ffc
Formatted 5481 sequences in volume 0
SUCCESS: formatted database ./out/db/NC_004578.ffc
Formatted 2896 sequences in volume 0
SUCCESS: formatted database ./out/db/NC_004459.ffc

========================[ Aug 4, 2015  4:41 AM ]========================
Version 2.2.26 [Sep-21-2011]
Started database file "./out/db/NC_002927.ffc"
Formatted 4994 sequences in volume 0
SUCCESS: formatted database ./out/db/NC_002927.ffc

========================[ Aug 4, 2015  4:41 AM ]========================
Version 2.2.26 [Sep-21-2011]
Started database file "./out/db/NC_004310.ffc"
Formatted 2122 sequences in volume 0
SUCCESS: formatted database ./out/db/NC_004310.ffc

========================[ Aug 4, 2015  4:41 AM ]========================
Version 2.2.26 [Sep-21-2011]
Started database file "./out/db/NC_003112.ffc"
Formatted 1953 sequences in volume 0
SUCCESS: formatted database ./out/db/NC_003112.ffc

========================[ Aug 4, 2015  4:41 AM ]========================
Version 2.2.26 [Sep-21-2011]
Started database file "./out/db/NC_004463.ffc"
Formatted 8317 sequences in volume 0
SUCCESS: formatted database ./out/db/NC_004463.ffc

========================[ Aug 4, 2015  4:41 AM ]========================
Version 2.2.26 [Sep-21-2011]
Started database file "./out/db/NC_002678.ffc"
Formatted 6743 sequences in volume 0
SUCCESS: formatted database ./out/db/NC_002678.ffc

========================[ Aug 4, 2015  4:41 AM ]========================
Version 2.2.26 [Sep-21-2011]
Started database file "./out/db/NC_003919.ffc"

========================[ Aug 4, 2015  4:41 AM ]========================
Version 2.2.26 [Sep-21-2011]
Started database file "./out/db/NC_004347.ffc"
Formatted 4312 sequences in volume 0
SUCCESS: formatted database ./out/db/NC_003919.ffc
Formatted 4065 sequences in volume 0
SUCCESS: formatted database ./out/db/NC_004347.ffc

========================[ Aug 4, 2015  4:41 AM ]========================
Version 2.2.26 [Sep-21-2011]
Started database file "./out/db/NC_003198.ffc"
Formatted 4111 sequences in volume 0
SUCCESS: formatted database ./out/db/NC_003198.ffc

========================[ Aug 4, 2015  4:41 AM ]========================
Version 2.2.26 [Sep-21-2011]
Started database file "./out/db/NC_000907.ffc"
Formatted 1610 sequences in volume 0
SUCCESS: formatted database ./out/db/NC_000907.ffc

========================[ Aug 4, 2015  4:41 AM ]========================
Version 2.2.26 [Sep-21-2011]
Started database file "./out/db/NC_007086.ffc"
Formatted 4271 sequences in volume 0
SUCCESS: formatted database ./out/db/NC_007086.ffc

========================[ Aug 4, 2015  4:41 AM ]========================
Version 2.2.26 [Sep-21-2011]
Started database file "./out/db/NC_002696.ffc"

========================[ Aug 4, 2015  4:41 AM ]========================
Version 2.2.26 [Sep-21-2011]
Started database file "./out/db/NC_002929.ffc"

========================[ Aug 4, 2015  4:41 AM ]========================
Version 2.2.26 [Sep-21-2011]
Started database file "./out/db/NC_002163.ffc"
Formatted 3737 sequences in volume 0
SUCCESS: formatted database ./out/db/NC_002696.ffc
Formatted 3426 sequences in volume 0
SUCCESS: formatted database ./out/db/NC_002929.ffc
Formatted 1572 sequences in volume 0
SUCCESS: formatted database ./out/db/NC_002163.ffc

========================[ Aug 4, 2015  4:41 AM ]========================
Version 2.2.26 [Sep-21-2011]
Started database file "./out/db/NC_005090.ffc"
Formatted 2043 sequences in volume 0
SUCCESS: formatted database ./out/db/NC_005090.ffc

========================[ Aug 4, 2015  4:41 AM ]========================
Version 2.2.26 [Sep-21-2011]
Started database file "./out/db/NC_011833.ffc"

========================[ Aug 4, 2015  4:41 AM ]========================
Version 2.2.26 [Sep-21-2011]
Started database file "./out/db/NC_002516.ffc"
Formatted 555 sequences in volume 0
SUCCESS: formatted database ./out/db/NC_011833.ffc
Formatted 5572 sequences in volume 0
SUCCESS: formatted database ./out/db/NC_002516.ffc

========================[ Aug 4, 2015  4:41 AM ]========================
Version 2.2.26 [Sep-21-2011]
Started database file "./out/db/NC_003143.ffc"

========================[ Aug 4, 2015  4:41 AM ]========================
Version 2.2.26 [Sep-21-2011]
Started database file "./out/db/NC_003062.ffc"
Formatted 2765 sequences in volume 0
SUCCESS: formatted database ./out/db/NC_003062.ffc
Formatted 3798 sequences in volume 0
SUCCESS: formatted database ./out/db/NC_003143.ffc

========================[ Aug 4, 2015  4:41 AM ]========================
Version 2.2.26 [Sep-21-2011]
Started database file "./out/db/NC_004757.ffc"
Formatted 2461 sequences in volume 0
SUCCESS: formatted database ./out/db/NC_004757.ffc

========================[ Aug 4, 2015  4:41 AM ]========================
Version 2.2.26 [Sep-21-2011]
Started database file "./out/db/NC_004603.ffc"
Formatted 3079 sequences in volume 0
SUCCESS: formatted database ./out/db/NC_004603.ffc

========================[ Aug 4, 2015  4:41 AM ]========================
Version 2.2.26 [Sep-21-2011]
Started database file "./out/db/NC_000913.ffc"
Formatted 4319 sequences in volume 0
SUCCESS: formatted database ./out/db/NC_000913.ffc

========================[ Aug 4, 2015  4:41 AM ]========================
Version 2.2.26 [Sep-21-2011]
Started database file "./out/db/NC_004741.ffc"
Formatted 4057 sequences in volume 0
SUCCESS: formatted database ./out/db/NC_004741.ffc

========================[ Aug 4, 2015  4:41 AM ]========================
Version 2.2.26 [Sep-21-2011]
Started database file "./out/db/NC_002928.ffc"

========================[ Aug 4, 2015  4:41 AM ]========================
Version 2.2.26 [Sep-21-2011]
Started database file "./out/db/NC_003047.ffc"
Formatted 4185 sequences in volume 0
SUCCESS: formatted database ./out/db/NC_002928.ffc
Formatted 3359 sequences in volume 0
SUCCESS: formatted database ./out/db/NC_003047.ffc

========================[ Aug 4, 2015  4:41 AM ]========================
Version 2.2.26 [Sep-21-2011]
Started database file "./out/db/NC_002488.ffc"
Formatted 2766 sequences in volume 0
SUCCESS: formatted database ./out/db/NC_002488.ffc

========================[ Aug 4, 2015  4:41 AM ]========================
Version 2.2.26 [Sep-21-2011]
Started database file "./out/db/NC_002947.ffc"
Formatted 5350 sequences in volume 0
SUCCESS: formatted database ./out/db/NC_002947.ffc

========================[ Aug 4, 2015  4:50 AM ]========================
Version 2.2.26 [Sep-21-2011]
Started database file "./out/db/NC_012441.ffc"
Formatted 2063 sequences in volume 0
SUCCESS: formatted database ./out/db/NC_012441.ffc

========================[ Aug 4, 2015  4:50 AM ]========================
Version 2.2.26 [Sep-21-2011]
Started database file "./out/db/NC_002663.ffc"
Formatted 2012 sequences in volume 0
SUCCESS: formatted database ./out/db/NC_002663.ffc

========================[ Aug 4, 2015  4:50 AM ]========================
Version 2.2.26 [Sep-21-2011]
Started database file "./out/db/NC_005061.ffc"
Formatted 583 sequences in volume 0
SUCCESS: formatted database ./out/db/NC_005061.ffc

========================[ Aug 4, 2015  4:50 AM ]========================
Version 2.2.26 [Sep-21-2011]
Started database file "./out/db/NC_003295.ffc"
Formatted 3436 sequences in volume 0
SUCCESS: formatted database ./out/db/NC_003295.ffc

========================[ Aug 4, 2015  4:50 AM ]========================
Version 2.2.26 [Sep-21-2011]
Started database file "./out/db/NC_005085.ffc"
Formatted 4405 sequences in volume 0
SUCCESS: formatted database ./out/db/NC_005085.ffc

========================[ Aug 4, 2015  4:50 AM ]========================
Version 2.2.26 [Sep-21-2011]
Started database file "./out/db/NC_003197.ffc"
Formatted 4451 sequences in volume 0
SUCCESS: formatted database ./out/db/NC_003197.ffc

========================[ Aug 4, 2015  4:50 AM ]========================
Version 2.2.26 [Sep-21-2011]
Started database file "./out/db/NC_004917.ffc"
Formatted 1876 sequences in volume 0
SUCCESS: formatted database ./out/db/NC_004917.ffc

========================[ Aug 4, 2015  4:50 AM ]========================
Version 2.2.26 [Sep-21-2011]
Started database file "./out/db/NC_004459.ffc"

========================[ Aug 4, 2015  4:50 AM ]========================
Version 2.2.26 [Sep-21-2011]
Started database file "./out/db/NC_004578.ffc"
Formatted 2896 sequences in volume 0
SUCCESS: formatted database ./out/db/NC_004459.ffc

========================[ Aug 4, 2015  4:50 AM ]========================
Version 2.2.26 [Sep-21-2011]
Started database file "./out/db/NC_002927.ffc"
Formatted 5481 sequences in volume 0
SUCCESS: formatted database ./out/db/NC_004578.ffc
Formatted 4994 sequences in volume 0
SUCCESS: formatted database ./out/db/NC_002927.ffc

========================[ Aug 4, 2015  4:50 AM ]========================
Version 2.2.26 [Sep-21-2011]
Started database file "./out/db/NC_004310.ffc"
Formatted 2122 sequences in volume 0
SUCCESS: formatted database ./out/db/NC_004310.ffc

========================[ Aug 4, 2015  4:50 AM ]========================
Version 2.2.26 [Sep-21-2011]
Started database file "./out/db/NC_003112.ffc"
Formatted 1953 sequences in volume 0
SUCCESS: formatted database ./out/db/NC_003112.ffc

========================[ Aug 4, 2015  4:50 AM ]========================
Version 2.2.26 [Sep-21-2011]
Started database file "./out/db/NC_004463.ffc"

========================[ Aug 4, 2015  4:50 AM ]========================
Version 2.2.26 [Sep-21-2011]
Started database file "./out/db/NC_002678.ffc"
Formatted 8317 sequences in volume 0
SUCCESS: formatted database ./out/db/NC_004463.ffc
Formatted 6743 sequences in volume 0
SUCCESS: formatted database ./out/db/NC_002678.ffc

========================[ Aug 4, 2015  4:50 AM ]========================
Version 2.2.26 [Sep-21-2011]
Started database file "./out/db/NC_003198.ffc"

========================[ Aug 4, 2015  4:50 AM ]========================
Version 2.2.26 [Sep-21-2011]
Started database file "./out/db/NC_003919.ffc"
Formatted 4111 sequences in volume 0
SUCCESS: formatted database ./out/db/NC_003198.ffc
Formatted 4312 sequences in volume 0
SUCCESS: formatted database ./out/db/NC_003919.ffc

========================[ Aug 4, 2015  4:50 AM ]========================
Version 2.2.26 [Sep-21-2011]
Started database file "./out/db/NC_004347.ffc"

========================[ Aug 4, 2015  4:50 AM ]========================
Version 2.2.26 [Sep-21-2011]
Started database file "./out/db/NC_000907.ffc"
Formatted 4065 sequences in volume 0
SUCCESS: formatted database ./out/db/NC_004347.ffc
Formatted 1610 sequences in volume 0
SUCCESS: formatted database ./out/db/NC_000907.ffc

========================[ Aug 4, 2015  4:50 AM ]========================
Version 2.2.26 [Sep-21-2011]
Started database file "./out/db/NC_007086.ffc"
Formatted 4271 sequences in volume 0
SUCCESS: formatted database ./out/db/NC_007086.ffc

========================[ Aug 4, 2015  4:50 AM ]========================
Version 2.2.26 [Sep-21-2011]
Started database file "./out/db/NC_002163.ffc"
Formatted 1572 sequences in volume 0
SUCCESS: formatted database ./out/db/NC_002163.ffc

========================[ Aug 4, 2015  4:50 AM ]========================
Version 2.2.26 [Sep-21-2011]
Started database file "./out/db/NC_002929.ffc"

========================[ Aug 4, 2015  4:50 AM ]========================
Version 2.2.26 [Sep-21-2011]
Started database file "./out/db/NC_002696.ffc"
Formatted 3426 sequences in volume 0
SUCCESS: formatted database ./out/db/NC_002929.ffc
Formatted 3737 sequences in volume 0
SUCCESS: formatted database ./out/db/NC_002696.ffc

========================[ Aug 4, 2015  4:50 AM ]========================
Version 2.2.26 [Sep-21-2011]
Started database file "./out/db/NC_002516.ffc"

========================[ Aug 4, 2015  4:50 AM ]========================
Version 2.2.26 [Sep-21-2011]
Started database file "./out/db/NC_005090.ffc"
Formatted 2043 sequences in volume 0
SUCCESS: formatted database ./out/db/NC_005090.ffc
Formatted 5572 sequences in volume 0
SUCCESS: formatted database ./out/db/NC_002516.ffc

========================[ Aug 4, 2015  4:50 AM ]========================
Version 2.2.26 [Sep-21-2011]
Started database file "./out/db/NC_011833.ffc"
Formatted 555 sequences in volume 0
SUCCESS: formatted database ./out/db/NC_011833.ffc

========================[ Aug 4, 2015  4:50 AM ]========================
Version 2.2.26 [Sep-21-2011]
Started database file "./out/db/NC_003143.ffc"

========================[ Aug 4, 2015  4:50 AM ]========================
Version 2.2.26 [Sep-21-2011]
Started database file "./out/db/NC_003062.ffc"
Formatted 2765 sequences in volume 0
SUCCESS: formatted database ./out/db/NC_003062.ffc
Formatted 3798 sequences in volume 0
SUCCESS: formatted database ./out/db/NC_003143.ffc

========================[ Aug 4, 2015  4:50 AM ]========================
Version 2.2.26 [Sep-21-2011]
Started database file "./out/db/NC_004757.ffc"
Formatted 2461 sequences in volume 0
SUCCESS: formatted database ./out/db/NC_004757.ffc

========================[ Aug 4, 2015  4:50 AM ]========================
Version 2.2.26 [Sep-21-2011]
Started database file "./out/db/NC_004603.ffc"

========================[ Aug 4, 2015  4:50 AM ]========================
Version 2.2.26 [Sep-21-2011]
Started database file "./out/db/NC_000913.ffc"
Formatted 3079 sequences in volume 0
SUCCESS: formatted database ./out/db/NC_004603.ffc
Formatted 4319 sequences in volume 0
SUCCESS: formatted database ./out/db/NC_000913.ffc

========================[ Aug 4, 2015  4:50 AM ]========================
Version 2.2.26 [Sep-21-2011]
Started database file "./out/db/NC_004741.ffc"
Formatted 4057 sequences in volume 0
SUCCESS: formatted database ./out/db/NC_004741.ffc

========================[ Aug 4, 2015  4:50 AM ]========================
Version 2.2.26 [Sep-21-2011]
Started database file "./out/db/NC_002928.ffc"
Formatted 4185 sequences in volume 0
SUCCESS: formatted database ./out/db/NC_002928.ffc

========================[ Aug 4, 2015  4:50 AM ]========================
Version 2.2.26 [Sep-21-2011]
Started database file "./out/db/NC_002488.ffc"
Formatted 2766 sequences in volume 0
SUCCESS: formatted database ./out/db/NC_002488.ffc

========================[ Aug 4, 2015  4:50 AM ]========================
Version 2.2.26 [Sep-21-2011]
Started database file "./out/db/NC_003047.ffc"
Formatted 3359 sequences in volume 0
SUCCESS: formatted database ./out/db/NC_003047.ffc

========================[ Aug 4, 2015  4:50 AM ]========================
Version 2.2.26 [Sep-21-2011]
Started database file "./out/db/NC_002947.ffc"
Formatted 5350 sequences in volume 0
SUCCESS: formatted database ./out/db/NC_002947.ffc

========================[ Aug 4, 2015  4:54 AM ]========================
Version 2.2.26 [Sep-21-2011]
Started database file "./out/db/NC_012441.ffc"
Formatted 2063 sequences in volume 0
SUCCESS: formatted database ./out/db/NC_012441.ffc

========================[ Aug 4, 2015  4:54 AM ]========================
Version 2.2.26 [Sep-21-2011]
Started database file "./out/db/NC_002663.ffc"
Formatted 2012 sequences in volume 0
SUCCESS: formatted database ./out/db/NC_002663.ffc

========================[ Aug 4, 2015  4:54 AM ]========================
Version 2.2.26 [Sep-21-2011]
Started database file "./out/db/NC_005061.ffc"
Formatted 583 sequences in volume 0
SUCCESS: formatted database ./out/db/NC_005061.ffc

========================[ Aug 4, 2015  4:54 AM ]========================
Version 2.2.26 [Sep-21-2011]
Started database file "./out/db/NC_003295.ffc"
Formatted 3436 sequences in volume 0
SUCCESS: formatted database ./out/db/NC_003295.ffc

========================[ Aug 4, 2015  4:54 AM ]========================
Version 2.2.26 [Sep-21-2011]
Started database file "./out/db/NC_005085.ffc"
Formatted 4405 sequences in volume 0
SUCCESS: formatted database ./out/db/NC_005085.ffc

========================[ Aug 4, 2015  4:54 AM ]========================
Version 2.2.26 [Sep-21-2011]
Started database file "./out/db/NC_003197.ffc"
Formatted 4451 sequences in volume 0
SUCCESS: formatted database ./out/db/NC_003197.ffc

========================[ Aug 4, 2015  4:54 AM ]========================
Version 2.2.26 [Sep-21-2011]
Started database file "./out/db/NC_004917.ffc"
Formatted 1876 sequences in volume 0
SUCCESS: formatted database ./out/db/NC_004917.ffc

========================[ Aug 4, 2015  4:54 AM ]========================
Version 2.2.26 [Sep-21-2011]
Started database file "./out/db/NC_004459.ffc"
Formatted 2896 sequences in volume 0
SUCCESS: formatted database ./out/db/NC_004459.ffc

========================[ Aug 4, 2015  4:54 AM ]========================
Version 2.2.26 [Sep-21-2011]
Started database file "./out/db/NC_004578.ffc"
Formatted 5481 sequences in volume 0
SUCCESS: formatted database ./out/db/NC_004578.ffc

========================[ Aug 4, 2015  4:54 AM ]========================
Version 2.2.26 [Sep-21-2011]
Started database file "./out/db/NC_002927.ffc"
Formatted 4994 sequences in volume 0
SUCCESS: formatted database ./out/db/NC_002927.ffc

========================[ Aug 4, 2015  4:54 AM ]========================
Version 2.2.26 [Sep-21-2011]
Started database file "./out/db/NC_004310.ffc"
Formatted 2122 sequences in volume 0
SUCCESS: formatted database ./out/db/NC_004310.ffc

========================[ Aug 4, 2015  4:54 AM ]========================
Version 2.2.26 [Sep-21-2011]
Started database file "./out/db/NC_003112.ffc"

========================[ Aug 4, 2015  4:54 AM ]========================
Version 2.2.26 [Sep-21-2011]
Started database file "./out/db/NC_004463.ffc"
Formatted 1953 sequences in volume 0
SUCCESS: formatted database ./out/db/NC_003112.ffc

========================[ Aug 4, 2015  4:54 AM ]========================
Version 2.2.26 [Sep-21-2011]
Started database file "./out/db/NC_002678.ffc"
Formatted 8317 sequences in volume 0
SUCCESS: formatted database ./out/db/NC_004463.ffc
Formatted 6743 sequences in volume 0
SUCCESS: formatted database ./out/db/NC_002678.ffc

========================[ Aug 4, 2015  4:54 AM ]========================
Version 2.2.26 [Sep-21-2011]
Started database file "./out/db/NC_003919.ffc"

========================[ Aug 4, 2015  4:54 AM ]========================
Version 2.2.26 [Sep-21-2011]
Started database file "./out/db/NC_003198.ffc"
Formatted 4312 sequences in volume 0
SUCCESS: formatted database ./out/db/NC_003919.ffc
Formatted 4111 sequences in volume 0
SUCCESS: formatted database ./out/db/NC_003198.ffc

========================[ Aug 4, 2015  4:54 AM ]========================
Version 2.2.26 [Sep-21-2011]
Started database file "./out/db/NC_004347.ffc"
Formatted 4065 sequences in volume 0
SUCCESS: formatted database ./out/db/NC_004347.ffc

========================[ Aug 4, 2015  4:54 AM ]========================
Version 2.2.26 [Sep-21-2011]
Started database file "./out/db/NC_000907.ffc"
Formatted 1610 sequences in volume 0
SUCCESS: formatted database ./out/db/NC_000907.ffc

========================[ Aug 4, 2015  4:54 AM ]========================
Version 2.2.26 [Sep-21-2011]
Started database file "./out/db/NC_007086.ffc"
Formatted 4271 sequences in volume 0
SUCCESS: formatted database ./out/db/NC_007086.ffc

========================[ Aug 4, 2015  4:54 AM ]========================
Version 2.2.26 [Sep-21-2011]
Started database file "./out/db/NC_002163.ffc"
Formatted 1572 sequences in volume 0
SUCCESS: formatted database ./out/db/NC_002163.ffc

========================[ Aug 4, 2015  4:54 AM ]========================
Version 2.2.26 [Sep-21-2011]
Started database file "./out/db/NC_002696.ffc"
Formatted 3737 sequences in volume 0
SUCCESS: formatted database ./out/db/NC_002696.ffc

========================[ Aug 4, 2015  4:54 AM ]========================
Version 2.2.26 [Sep-21-2011]
Started database file "./out/db/NC_002929.ffc"

========================[ Aug 4, 2015  4:54 AM ]========================
Version 2.2.26 [Sep-21-2011]
Started database file "./out/db/NC_005090.ffc"
Formatted 3426 sequences in volume 0
SUCCESS: formatted database ./out/db/NC_002929.ffc
Formatted 2043 sequences in volume 0
SUCCESS: formatted database ./out/db/NC_005090.ffc

========================[ Aug 4, 2015  4:54 AM ]========================
Version 2.2.26 [Sep-21-2011]
Started database file "./out/db/NC_002516.ffc"
Formatted 5572 sequences in volume 0
SUCCESS: formatted database ./out/db/NC_002516.ffc

========================[ Aug 4, 2015  4:54 AM ]========================
Version 2.2.26 [Sep-21-2011]
Started database file "./out/db/NC_011833.ffc"
Formatted 555 sequences in volume 0
SUCCESS: formatted database ./out/db/NC_011833.ffc

========================[ Aug 4, 2015  4:54 AM ]========================
Version 2.2.26 [Sep-21-2011]
Started database file "./out/db/NC_003143.ffc"

========================[ Aug 4, 2015  4:54 AM ]========================
Version 2.2.26 [Sep-21-2011]
Started database file "./out/db/NC_003062.ffc"
Formatted 3798 sequences in volume 0
SUCCESS: formatted database ./out/db/NC_003143.ffc
Formatted 2765 sequences in volume 0
SUCCESS: formatted database ./out/db/NC_003062.ffc

========================[ Aug 4, 2015  4:54 AM ]========================
Version 2.2.26 [Sep-21-2011]
Started database file "./out/db/NC_004757.ffc"
Formatted 2461 sequences in volume 0
SUCCESS: formatted database ./out/db/NC_004757.ffc

========================[ Aug 4, 2015  4:54 AM ]========================
Version 2.2.26 [Sep-21-2011]
Started database file "./out/db/NC_004603.ffc"
Formatted 3079 sequences in volume 0
SUCCESS: formatted database ./out/db/NC_004603.ffc

========================[ Aug 4, 2015  4:54 AM ]========================
Version 2.2.26 [Sep-21-2011]
Started database file "./out/db/NC_004741.ffc"

========================[ Aug 4, 2015  4:54 AM ]========================
Version 2.2.26 [Sep-21-2011]
Started database file "./out/db/NC_000913.ffc"
Formatted 4057 sequences in volume 0
SUCCESS: formatted database ./out/db/NC_004741.ffc
Formatted 4319 sequences in volume 0
SUCCESS: formatted database ./out/db/NC_000913.ffc

========================[ Aug 4, 2015  4:54 AM ]========================
Version 2.2.26 [Sep-21-2011]
Started database file "./out/db/NC_003047.ffc"
Formatted 3359 sequences in volume 0
SUCCESS: formatted database ./out/db/NC_003047.ffc

========================[ Aug 4, 2015  4:54 AM ]========================
Version 2.2.26 [Sep-21-2011]
Started database file "./out/db/NC_002488.ffc"
Formatted 2766 sequences in volume 0
SUCCESS: formatted database ./out/db/NC_002488.ffc

========================[ Aug 4, 2015  4:54 AM ]========================
Version 2.2.26 [Sep-21-2011]
Started database file "./out/db/NC_002928.ffc"
Formatted 4185 sequences in volume 0
SUCCESS: formatted database ./out/db/NC_002928.ffc

========================[ Aug 4, 2015  4:54 AM ]========================
Version 2.2.26 [Sep-21-2011]
Started database file "./out/db/NC_002947.ffc"
Formatted 5350 sequences in volume 0
SUCCESS: formatted database ./out/db/NC_002947.ffc
